\BOOKMARK [0][-]{chapter.1}{INTRODUCTION}{}% 1
\BOOKMARK [1][-]{section.1.1}{Assumptions and Scope}{chapter.1}% 2
\BOOKMARK [1][-]{section.1.2}{Existing Approaches}{chapter.1}% 3
\BOOKMARK [1][-]{section.1.3}{Our Approach}{chapter.1}% 4
\BOOKMARK [2][-]{subsection.1.3.1}{Process Overview and Document Outline}{section.1.3}% 5
\BOOKMARK [2][-]{subsection.1.3.2}{Architectural Overview}{section.1.3}% 6
\BOOKMARK [0][-]{chapter.2}{DATA COLLECTION AND SPECIFICATION}{}% 7
\BOOKMARK [1][-]{section.2.1}{Data Source: Xeno-Canto}{chapter.2}% 8
\BOOKMARK [2][-]{subsection.2.1.1}{Metadata}{section.2.1}% 9
\BOOKMARK [2][-]{subsection.2.1.2}{Automatic Sample Retrieval}{section.2.1}% 10
\BOOKMARK [1][-]{section.2.2}{Preparation}{chapter.2}% 11
\BOOKMARK [2][-]{subsection.2.2.1}{Resampling}{section.2.2}% 12
\BOOKMARK [2][-]{subsection.2.2.2}{Spectrogram Representation}{section.2.2}% 13
\BOOKMARK [1][-]{section.2.3}{Sample Selection}{chapter.2}% 14
\BOOKMARK [0][-]{chapter.3}{FEATURE SELECTION AND ENGINEERING}{}% 15
\BOOKMARK [1][-]{section.3.1}{Useful Feature Identification}{chapter.3}% 16
\BOOKMARK [2][-]{subsection.3.1.1}{Song Segment Formalisms}{section.3.1}% 17
\BOOKMARK [2][-]{subsection.3.1.2}{Distinctive Features in Spectrograms}{section.3.1}% 18
\BOOKMARK [2][-]{subsection.3.1.3}{Potential Alternative and Additional Features}{section.3.1}% 19
\BOOKMARK [1][-]{section.3.2}{Template Extraction}{chapter.3}% 20
\BOOKMARK [2][-]{subsection.3.2.1}{Spectrogram Preprocessing}{section.3.2}% 21
\BOOKMARK [2][-]{subsection.3.2.2}{Basic Selection and Extraction}{section.3.2}% 22
\BOOKMARK [2][-]{subsection.3.2.3}{Advanced Template Elimination}{section.3.2}% 23
\BOOKMARK [1][-]{section.3.3}{Feature Engineering}{chapter.3}% 24
\BOOKMARK [2][-]{subsection.3.3.1}{Batch Processing and Result Persistency}{section.3.3}% 25
\BOOKMARK [2][-]{subsection.3.3.2}{Template Matching}{section.3.3}% 26
\BOOKMARK [2][-]{subsection.3.3.3}{Feature Vector Construction}{section.3.3}% 27
\BOOKMARK [0][-]{chapter.4}{CLASSIFICATION AND EVALUATION}{}% 28
\BOOKMARK [1][-]{section.4.1}{Classification}{chapter.4}% 29
\BOOKMARK [2][-]{subsection.4.1.1}{Approaches to Classification}{section.4.1}% 30
\BOOKMARK [2][-]{subsection.4.1.2}{Overview of the Random Forest Classifier}{section.4.1}% 31
\BOOKMARK [2][-]{subsection.4.1.3}{Parameter Selection}{section.4.1}% 32
\BOOKMARK [1][-]{section.4.2}{ Evaluation and Validation}{chapter.4}% 33
\BOOKMARK [2][-]{subsection.4.2.1}{Validation Strategy and Sample Space}{section.4.2}% 34
\BOOKMARK [2][-]{subsection.4.2.2}{Evaluation Metrics}{section.4.2}% 35
\BOOKMARK [2][-]{subsection.4.2.3}{Confusion Matrix}{section.4.2}% 36
\BOOKMARK [1][-]{section.4.3}{Tuning}{chapter.4}% 37
\BOOKMARK [2][-]{subsection.4.3.1}{Gridsearch}{section.4.3}% 38
\BOOKMARK [1][-]{section.4.4}{Feature Importance}{chapter.4}% 39
\BOOKMARK [2][-]{subsection.4.4.1}{In Random Forests}{section.4.4}% 40
\BOOKMARK [2][-]{subsection.4.4.2}{Results and Analysis}{section.4.4}% 41
\BOOKMARK [0][-]{chapter.5}{CONCLUSIONS}{}% 42
\BOOKMARK [1][-]{section.5.1}{Summary}{chapter.5}% 43
\BOOKMARK [1][-]{section.5.2}{Reflection}{chapter.5}% 44
\BOOKMARK [1][-]{section.5.3}{Future Work}{chapter.5}% 45
\BOOKMARK [0][-]{section*.43}{Appendices}{}% 46
\BOOKMARK [0][-]{Appendix.a.A}{SAMPLE AND TEMPLATE COUNTS PER SPECIES}{}% 47
\BOOKMARK [0][-]{Appendix.a.B}{MACHINE SPECIFICATIONS}{}% 48
\BOOKMARK [0][-]{Appendix.a.C}{LIBRARY MODULES LISTING}{}% 49
